<?xml version="1.0" encoding="utf-8"?><testsuites name="pytest tests"><testsuite name="pytest" errors="0" failures="0" skipped="0" tests="9" time="1.061" timestamp="2026-04-20T19:09:17.503334+00:00" hostname="agent-env-82b0a1d7-9b76-498d-8790-5a2dab83b8a9"><testcase classname="backend.tests.test_mk_api.TestStatus" name="test_root" time="0.183" /><testcase classname="backend.tests.test_mk_api.TestStatus" name="test_status_create_and_list" time="0.139" /><testcase classname="backend.tests.test_mk_api.TestBusinessInfo" name="test_business_info" time="0.052" /><testcase classname="backend.tests.test_mk_api.TestContact" name="test_create_contact_minimum" time="0.050" /><testcase classname="backend.tests.test_mk_api.TestContact" name="test_create_contact_full" time="0.105" /><testcase classname="backend.tests.test_mk_api.TestContact" name="test_list_contacts_no_id_leak" time="0.057" /><testcase classname="backend.tests.test_mk_api.TestContact" name="test_validation_missing_required" time="0.172" /><testcase classname="backend.tests.test_mk_api.TestContact" name="test_validation_too_short" time="0.096" /><testcase classname="backend.tests.test_mk_api.TestContact" name="test_validation_invalid_email" time="0.049" /></testsuite></testsuites>